TN:
SF:src/app/page.tsx
FN:5,Home
FN:28,(anonymous_1)
FNF:2
FNH:2
FNDA:5,Home
FNDA:20,(anonymous_1)
DA:6,5
DA:29,20
LF:2
LH:2
BRF:0
BRH:0
end_of_record
TN:
SF:src/app/chat/page.tsx
FN:7,ChatPage
FNF:1
FNH:1
FNDA:6,ChatPage
DA:1,1
DA:8,6
LF:2
LH:2
BRF:0
BRH:0
end_of_record
TN:
SF:src/components/ui/button.tsx
FN:43,Button
FNF:1
FNH:1
FNDA:22,Button
DA:6,3
DA:49,22
LF:2
LH:2
BRDA:45,0,0,22
BRDA:46,1,0,22
BRF:2
BRH:2
end_of_record
TN:
SF:src/lib/utils.ts
FN:4,cn
FNF:1
FNH:1
FNDA:30,cn
DA:5,30
LF:1
LH:1
BRF:0
BRH:0
end_of_record
