TN:
SF:src/app/page.tsx
FN:8,Home
FN:27,(anonymous_1)
FN:33,(anonymous_2)
FN:47,(anonymous_3)
FNF:4
FNH:4
FNDA:10,Home
FNDA:2,(anonymous_1)
FNDA:40,(anonymous_2)
FNDA:1,(anonymous_3)
DA:1,1
DA:9,10
DA:11,10
DA:27,2
DA:34,40
DA:47,1
LF:6
LH:6
BRDA:16,0,0,2
BRDA:16,0,1,8
BRDA:43,1,0,2
BRDA:43,1,1,8
BRDA:54,2,0,10
BRDA:54,2,1,2
BRF:6
BRH:6
end_of_record
TN:
SF:src/app/api/chat/route.ts
FN:24,encodeChunk
FN:37,POST
FN:63,start
FNF:3
FNH:3
FNDA:59,encodeChunk
FNDA:10,POST
FNDA:5,start
DA:25,59
DA:38,10
DA:39,10
DA:40,9
DA:42,9
DA:43,3
DA:49,6
DA:50,1
DA:59,5
DA:60,5
DA:62,5
DA:64,5
DA:66,5
DA:67,5
DA:68,51
DA:72,51
DA:76,3
DA:80,3
DA:82,2
DA:85,1
DA:87,1
DA:89,1
DA:90,1
DA:91,1
DA:94,1
DA:95,1
DA:99,1
DA:102,2
DA:106,2
DA:108,5
DA:113,5
DA:122,1
LF:32
LH:32
BRDA:42,0,0,3
BRDA:42,0,1,6
BRDA:42,1,0,9
BRDA:42,1,1,7
BRDA:49,2,0,1
BRDA:49,2,1,5
BRDA:82,3,0,1
BRDA:82,3,1,1
BRDA:94,4,0,1
BRDA:94,4,1,0
BRF:10
BRH:9
end_of_record
TN:
SF:src/components/features/chat-interface.tsx
FN:10,generateId
FN:16,TypingIndicator
FN:40,ChatInterface
FN:51,(anonymous_3)
FN:56,(anonymous_4)
FN:61,(anonymous_5)
FN:62,(anonymous_6)
FN:67,(anonymous_7)
FN:78,(anonymous_8)
FN:89,(anonymous_9)
FN:103,(anonymous_10)
FN:105,(anonymous_11)
FN:115,(anonymous_12)
FN:116,(anonymous_13)
FN:116,(anonymous_14)
FN:118,(anonymous_15)
FN:124,(anonymous_16)
FN:126,(anonymous_17)
FN:126,(anonymous_18)
FN:137,(anonymous_19)
FN:147,(anonymous_20)
FN:151,(anonymous_21)
FN:155,(anonymous_22)
FN:157,(anonymous_23)
FN:163,(anonymous_24)
FN:170,(anonymous_25)
FN:179,(anonymous_26)
FN:183,(anonymous_27)
FNF:28
FNH:28
FNDA:34,generateId
FNDA:17,TypingIndicator
FNDA:153,ChatInterface
FNDA:52,(anonymous_3)
FNDA:24,(anonymous_4)
FNDA:24,(anonymous_5)
FNDA:24,(anonymous_6)
FNDA:101,(anonymous_7)
FNDA:17,(anonymous_8)
FNDA:17,(anonymous_9)
FNDA:17,(anonymous_10)
FNDA:14,(anonymous_11)
FNDA:390,(anonymous_12)
FNDA:270,(anonymous_13)
FNDA:1170,(anonymous_14)
FNDA:13,(anonymous_15)
FNDA:4,(anonymous_16)
FNDA:2,(anonymous_17)
FNDA:6,(anonymous_18)
FNDA:103,(anonymous_19)
FNDA:101,(anonymous_20)
FNDA:11,(anonymous_21)
FNDA:5,(anonymous_22)
FNDA:5,(anonymous_23)
FNDA:612,(anonymous_24)
FNDA:216,(anonymous_25)
FNDA:533,(anonymous_26)
FNDA:5,(anonymous_27)
DA:1,1
DA:11,34
DA:14,1
DA:17,17
DA:33,1
DA:41,153
DA:42,153
DA:43,153
DA:44,153
DA:45,153
DA:46,153
DA:47,153
DA:48,153
DA:49,153
DA:51,153
DA:52,52
DA:56,153
DA:57,24
DA:61,153
DA:62,24
DA:63,24
DA:67,153
DA:68,101
DA:69,101
DA:70,101
DA:71,101
DA:72,101
DA:74,101
DA:77,153
DA:79,17
DA:80,17
DA:82,17
DA:89,17
DA:90,17
DA:91,17
DA:94,17
DA:95,17
DA:103,17
DA:105,17
DA:106,17
DA:107,17
DA:108,17
DA:111,17
DA:113,17
DA:116,1170
DA:119,13
DA:120,13
DA:121,13
DA:122,13
DA:125,4
DA:126,6
DA:127,4
DA:128,4
DA:129,4
DA:130,4
DA:137,153
DA:139,103
DA:140,1
DA:141,1
DA:147,153
DA:148,101
DA:151,153
DA:152,11
DA:155,153
DA:157,5
DA:158,5
DA:163,612
DA:165,153
DA:171,216
DA:180,533
DA:183,5
LF:71
LH:71
BRDA:74,0,0,0
BRDA:74,0,1,101
BRDA:79,1,0,17
BRDA:79,1,1,12
BRDA:80,2,0,0
BRDA:80,2,1,17
BRDA:80,3,0,17
BRDA:80,3,1,17
BRDA:80,3,2,17
BRDA:116,4,0,270
BRDA:116,4,1,900
BRDA:126,5,0,2
BRDA:126,5,1,4
BRDA:139,6,0,1
BRDA:139,6,1,102
BRDA:139,7,0,103
BRDA:139,7,1,2
BRDA:175,8,0,153
BRDA:175,8,1,151
BRDA:175,8,2,135
BRDA:175,8,3,135
BRDA:193,9,0,153
BRDA:193,9,1,17
BRDA:221,10,0,153
BRDA:221,10,1,98
BRDA:221,10,2,98
BRF:26
BRH:24
end_of_record
TN:
SF:src/components/features/message-bubble.tsx
FN:17,StreamingSkeleton
FN:27,MessageBubble
FNF:2
FNH:2
FNDA:1,StreamingSkeleton
FNDA:230,MessageBubble
DA:18,1
DA:28,230
DA:29,230
DA:30,230
DA:31,230
DA:33,230
LF:6
LH:6
BRDA:27,0,0,230
BRDA:30,1,0,230
BRDA:30,1,1,185
BRDA:30,1,2,3
BRDA:31,2,0,230
BRDA:31,2,1,185
BRDA:31,2,2,3
BRDA:34,3,0,45
BRDA:34,3,1,185
BRDA:35,4,0,45
BRDA:35,4,1,185
BRDA:36,5,0,45
BRDA:36,5,1,185
BRDA:42,6,0,1
BRDA:42,6,1,229
BRDA:43,7,0,45
BRDA:43,7,1,185
BRDA:46,8,0,1
BRDA:46,8,1,229
BRDA:51,9,0,229
BRDA:51,9,1,2
BRF:21
BRH:21
end_of_record
TN:
SF:src/components/ui/button.tsx
FN:36,Button
FNF:1
FNH:1
FNDA:174,Button
DA:6,3
DA:37,174
LF:2
LH:2
BRDA:36,0,0,174
BRDA:36,1,0,174
BRF:2
BRH:2
end_of_record
TN:
SF:src/lib/mock-responses.ts
FN:51,getMockResponse
FNF:1
FNH:1
FNDA:20,getMockResponse
DA:6,3
DA:49,3
DA:52,20
DA:53,20
DA:55,18
DA:56,88
DA:57,16
DA:61,2
LF:8
LH:8
BRDA:53,0,0,2
BRDA:53,0,1,18
BRDA:56,1,0,16
BRDA:56,1,1,72
BRF:4
BRH:4
end_of_record
TN:
SF:src/lib/sanitize-message.ts
FN:63,sanitizeMessage
FN:70,(anonymous_1)
FNF:2
FNH:2
FNDA:37,sanitizeMessage
FNDA:660,(anonymous_1)
DA:5,2
DA:49,2
DA:64,37
DA:66,37
DA:67,1
DA:70,660
DA:72,37
DA:73,28
DA:76,37
LF:9
LH:9
BRDA:66,0,0,1
BRDA:66,0,1,36
BRDA:72,1,0,28
BRDA:72,1,1,9
BRF:4
BRH:4
end_of_record
TN:
SF:src/lib/stream-chat.ts
FN:41,streamChat
FN:53,(anonymous_1)
FN:69,(anonymous_2)
FNF:3
FNH:3
FNDA:12,streamChat
FNDA:1,(anonymous_1)
FNDA:50,(anonymous_2)
DA:42,12
DA:44,12
DA:45,12
DA:52,9
DA:53,2
DA:54,2
DA:57,7
DA:58,12
DA:59,1
DA:62,6
DA:64,6
DA:65,31
DA:66,31
DA:68,25
DA:69,50
DA:71,25
DA:72,25
DA:73,25
DA:74,19
DA:79,6
DA:82,6
DA:83,1
DA:85,5
LF:23
LH:23
BRDA:52,0,0,2
BRDA:52,0,1,7
BRDA:54,1,0,2
BRDA:54,1,1,1
BRDA:58,2,0,1
BRDA:58,2,1,11
BRDA:66,3,0,6
BRDA:66,3,1,25
BRDA:73,4,0,19
BRDA:73,4,1,6
BRDA:73,5,0,25
BRDA:73,5,1,19
BRDA:82,6,0,1
BRDA:82,6,1,5
BRDA:82,7,0,6
BRDA:82,7,1,5
BRDA:85,8,0,4
BRDA:85,8,1,1
BRF:18
BRH:18
end_of_record
TN:
SF:src/lib/utils.ts
FN:4,cn
FNF:1
FNH:1
FNDA:1025,cn
DA:5,1025
LF:1
LH:1
BRF:0
BRH:0
end_of_record
TN:
SF:src/lib/llm/errors.ts
FN:2,constructor
FN:8,isQuotaExceededError
FNF:2
FNH:2
FNDA:5,constructor
FNDA:9,isQuotaExceededError
DA:3,5
DA:4,5
DA:9,9
DA:10,8
DA:11,5
DA:13,3
LF:6
LH:6
BRDA:2,0,0,5
BRDA:9,1,0,1
BRDA:9,1,1,8
BRDA:10,2,0,5
BRDA:10,2,1,3
BRDA:11,3,0,5
BRDA:11,3,1,3
BRF:7
BRH:7
end_of_record
TN:
SF:src/lib/llm/gemini-provider.ts
FN:18,constructor
FN:26,streamResponse
FN:28,(anonymous_2)
FNF:3
FNH:2
FNDA:6,constructor
FNDA:6,streamResponse
FNDA:0,(anonymous_2)
DA:9,1
DA:19,6
DA:20,6
DA:27,6
DA:28,6
DA:30,6
DA:31,6
DA:38,3
DA:39,7
DA:40,7
DA:41,6
DA:45,3
DA:46,1
DA:48,2
DA:49,1
DA:51,1
DA:53,6
LF:17
LH:17
BRDA:40,0,0,6
BRDA:40,0,1,1
BRDA:45,1,0,1
BRDA:45,1,1,2
BRDA:45,2,0,3
BRDA:45,2,1,3
BRDA:48,3,0,1
BRDA:48,3,1,1
BRF:8
BRH:8
end_of_record
TN:
SF:src/lib/llm/index.ts
FN:16,createLLMProvider
FNF:1
FNH:1
FNDA:6,createLLMProvider
DA:17,6
DA:18,6
DA:21,6
DA:22,2
DA:23,1
DA:25,1
DA:28,4
DA:29,1
DA:33,3
DA:34,1
DA:38,2
LF:11
LH:11
BRDA:17,0,0,6
BRDA:17,0,1,2
BRDA:21,1,0,2
BRDA:21,1,1,4
BRDA:22,2,0,1
BRDA:22,2,1,1
BRDA:28,3,0,1
BRDA:28,3,1,3
BRDA:33,4,0,1
BRDA:33,4,1,2
BRF:10
BRH:10
end_of_record
TN:
SF:src/lib/llm/mock-provider.ts
FN:9,streamResponse
FNF:1
FNH:1
FNDA:3,streamResponse
DA:10,3
DA:12,3
DA:13,242
LF:3
LH:3
BRF:0
BRH:0
end_of_record
TN:
SF:src/lib/llm/persona.ts
FNF:0
FNH:0
DA:1,3
LF:1
LH:1
BRF:0
BRH:0
end_of_record
TN:
SF:src/lib/llm/types.ts
FNF:0
FNH:0
LF:0
LH:0
BRF:0
BRH:0
end_of_record
